Batch Factorization Experiment Started: Fri Jan  2 00:36:48 EST 2026
[INFO] Scanning for projects...
[INFO] 
[INFO] ---------------< com.emergent.doom:emergent-doom-engine >---------------
[INFO] Building Emergent Doom Engine 0.1.0-alpha
[INFO]   from pom.xml
[INFO] --------------------------------[ jar ]---------------------------------
[INFO] 
[INFO] --- clean:3.2.0:clean (default-clean) @ emergent-doom-engine ---
[INFO] Deleting /Users/velocityworks/IdeaProjects/emergent-doom-engine/target
[INFO] 
[INFO] --- build-helper:3.3.0:add-source (add-source) @ emergent-doom-engine ---
[INFO] Source directory: /Users/velocityworks/IdeaProjects/emergent-doom-engine/lab/experiment-095 added.
[INFO] 
[INFO] --- resources:3.3.1:resources (default-resources) @ emergent-doom-engine ---
[INFO] skip non existing resourceDirectory /Users/velocityworks/IdeaProjects/emergent-doom-engine/src/main/resources
[INFO] 
[INFO] --- compiler:3.11.0:compile (default-compile) @ emergent-doom-engine ---
[INFO] Changes detected - recompiling the module! :source
[INFO] Compiling 104 source files with javac [debug release 11] to target/classes
[INFO] /Users/velocityworks/IdeaProjects/emergent-doom-engine/src/main/java/com/emergent/doom/metrics/Metric.java: /Users/velocityworks/IdeaProjects/emergent-doom-engine/src/main/java/com/emergent/doom/metrics/Metric.java uses or overrides a deprecated API.
[INFO] /Users/velocityworks/IdeaProjects/emergent-doom-engine/src/main/java/com/emergent/doom/metrics/Metric.java: Recompile with -Xlint:deprecation for details.
[INFO] -------------------------------------------------------------
[ERROR] COMPILATION ERROR : 
[INFO] -------------------------------------------------------------
[ERROR] /Users/velocityworks/IdeaProjects/emergent-doom-engine/src/main/java/com/emergent/doom/analysis/TrajectoryAnalyzer.java:[311,18] cannot find symbol
  symbol:   method getSnapshotCount()
  location: variable probe of type com.emergent.doom.probe.Probe<T>
[ERROR] /Users/velocityworks/IdeaProjects/emergent-doom-engine/src/main/java/com/emergent/doom/probe/ThreadSafeProbe.java:[64,5] method does not override or implement a method from a supertype
[ERROR] /Users/velocityworks/IdeaProjects/emergent-doom-engine/src/main/java/com/emergent/doom/probe/ThreadSafeProbe.java:[83,5] method does not override or implement a method from a supertype
[ERROR] /Users/velocityworks/IdeaProjects/emergent-doom-engine/src/main/java/com/emergent/doom/probe/ThreadSafeProbe.java:[135,5] method does not override or implement a method from a supertype
[ERROR] /Users/velocityworks/IdeaProjects/emergent-doom-engine/src/main/java/com/emergent/doom/probe/ThreadSafeProbe.java:[137,21] cannot find symbol
  symbol: method getTypesSnapshot(int)
[ERROR] /Users/velocityworks/IdeaProjects/emergent-doom-engine/src/main/java/com/emergent/doom/probe/ThreadSafeProbe.java:[140,5] method does not override or implement a method from a supertype
[ERROR] /Users/velocityworks/IdeaProjects/emergent-doom-engine/src/main/java/com/emergent/doom/probe/ThreadSafeProbe.java:[142,21] cannot find symbol
  symbol: method getCellTypeDistribution(int)
[ERROR] /Users/velocityworks/IdeaProjects/emergent-doom-engine/src/main/java/com/emergent/doom/export/TrajectoryDataExporter.java:[322,18] cannot find symbol
  symbol:   method getSnapshotCount()
  location: variable probe of type com.emergent.doom.probe.Probe<?>
[ERROR] /Users/velocityworks/IdeaProjects/emergent-doom-engine/src/main/java/com/emergent/doom/examples/VisualizationDemo.java:[121,60] cannot find symbol
  symbol:   method getSnapshotCount()
  location: variable probe of type com.emergent.doom.probe.Probe<com.emergent.doom.examples.VisualizationDemo.TestCell>
[INFO] 9 errors 
[INFO] -------------------------------------------------------------
[INFO] ------------------------------------------------------------------------
[INFO] BUILD FAILURE
[INFO] ------------------------------------------------------------------------
[INFO] Total time:  1.405 s
[INFO] Finished at: 2026-01-02T00:36:50-05:00
[INFO] ------------------------------------------------------------------------
[ERROR] Failed to execute goal org.apache.maven.plugins:maven-compiler-plugin:3.11.0:compile (default-compile) on project emergent-doom-engine: Compilation failure: Compilation failure: 
[ERROR] /Users/velocityworks/IdeaProjects/emergent-doom-engine/src/main/java/com/emergent/doom/analysis/TrajectoryAnalyzer.java:[311,18] cannot find symbol
[ERROR]   symbol:   method getSnapshotCount()
[ERROR]   location: variable probe of type com.emergent.doom.probe.Probe<T>
[ERROR] /Users/velocityworks/IdeaProjects/emergent-doom-engine/src/main/java/com/emergent/doom/probe/ThreadSafeProbe.java:[64,5] method does not override or implement a method from a supertype
[ERROR] /Users/velocityworks/IdeaProjects/emergent-doom-engine/src/main/java/com/emergent/doom/probe/ThreadSafeProbe.java:[83,5] method does not override or implement a method from a supertype
[ERROR] /Users/velocityworks/IdeaProjects/emergent-doom-engine/src/main/java/com/emergent/doom/probe/ThreadSafeProbe.java:[135,5] method does not override or implement a method from a supertype
[ERROR] /Users/velocityworks/IdeaProjects/emergent-doom-engine/src/main/java/com/emergent/doom/probe/ThreadSafeProbe.java:[137,21] cannot find symbol
[ERROR]   symbol: method getTypesSnapshot(int)
[ERROR] /Users/velocityworks/IdeaProjects/emergent-doom-engine/src/main/java/com/emergent/doom/probe/ThreadSafeProbe.java:[140,5] method does not override or implement a method from a supertype
[ERROR] /Users/velocityworks/IdeaProjects/emergent-doom-engine/src/main/java/com/emergent/doom/probe/ThreadSafeProbe.java:[142,21] cannot find symbol
[ERROR]   symbol: method getCellTypeDistribution(int)
[ERROR] /Users/velocityworks/IdeaProjects/emergent-doom-engine/src/main/java/com/emergent/doom/export/TrajectoryDataExporter.java:[322,18] cannot find symbol
[ERROR]   symbol:   method getSnapshotCount()
[ERROR]   location: variable probe of type com.emergent.doom.probe.Probe<?>
[ERROR] /Users/velocityworks/IdeaProjects/emergent-doom-engine/src/main/java/com/emergent/doom/examples/VisualizationDemo.java:[121,60] cannot find symbol
[ERROR]   symbol:   method getSnapshotCount()
[ERROR]   location: variable probe of type com.emergent.doom.probe.Probe<com.emergent.doom.examples.VisualizationDemo.TestCell>
[ERROR] -> [Help 1]
[ERROR] 
[ERROR] To see the full stack trace of the errors, re-run Maven with the -e switch.
[ERROR] Re-run Maven using the -X switch to enable full debug logging.
[ERROR] 
[ERROR] For more information about the errors and possible solutions, please read the following articles:
[ERROR] [Help 1] http://cwiki.apache.org/confluence/display/MAVEN/MojoFailureException
Testing target: 10747 (Trials: 10, ArraySize: 1000, Threads: 4)
Error: Could not find or load main class com.emergent.doom.examples.FactorizationExperiment
Caused by: java.lang.ClassNotFoundException: com.emergent.doom.examples.FactorizationExperiment
------------------------------------------------------------
Testing target: 100631 (Trials: 10, ArraySize: 1000, Threads: 4)
Error: Could not find or load main class com.emergent.doom.examples.FactorizationExperiment
Caused by: java.lang.ClassNotFoundException: com.emergent.doom.examples.FactorizationExperiment
------------------------------------------------------------
Testing target: 1001677 (Trials: 10, ArraySize: 1000, Threads: 4)
Error: Could not find or load main class com.emergent.doom.examples.FactorizationExperiment
Caused by: java.lang.ClassNotFoundException: com.emergent.doom.examples.FactorizationExperiment
------------------------------------------------------------
Testing target: 9996127 (Trials: 10, ArraySize: 1000, Threads: 4)
Error: Could not find or load main class com.emergent.doom.examples.FactorizationExperiment
Caused by: java.lang.ClassNotFoundException: com.emergent.doom.examples.FactorizationExperiment
------------------------------------------------------------
Testing target: 100007471 (Trials: 10, ArraySize: 1000, Threads: 4)
Error: Could not find or load main class com.emergent.doom.examples.FactorizationExperiment
Caused by: java.lang.ClassNotFoundException: com.emergent.doom.examples.FactorizationExperiment
------------------------------------------------------------
Testing target: 999999019 (Trials: 10, ArraySize: 1000, Threads: 4)
Error: Could not find or load main class com.emergent.doom.examples.FactorizationExperiment
Caused by: java.lang.ClassNotFoundException: com.emergent.doom.examples.FactorizationExperiment
------------------------------------------------------------
Testing target: 10000001003 (Trials: 10, ArraySize: 1000, Threads: 4)
Error: Could not find or load main class com.emergent.doom.examples.FactorizationExperiment
Caused by: java.lang.ClassNotFoundException: com.emergent.doom.examples.FactorizationExperiment
------------------------------------------------------------
Testing target: 100000001183 (Trials: 10, ArraySize: 1000, Threads: 4)
Error: Could not find or load main class com.emergent.doom.examples.FactorizationExperiment
Caused by: java.lang.ClassNotFoundException: com.emergent.doom.examples.FactorizationExperiment
------------------------------------------------------------
Testing target: 1000000002983 (Trials: 10, ArraySize: 1000, Threads: 4)
Error: Could not find or load main class com.emergent.doom.examples.FactorizationExperiment
Caused by: java.lang.ClassNotFoundException: com.emergent.doom.examples.FactorizationExperiment
------------------------------------------------------------
Testing target: 10000000020983 (Trials: 10, ArraySize: 1000, Threads: 4)
Error: Could not find or load main class com.emergent.doom.examples.FactorizationExperiment
Caused by: java.lang.ClassNotFoundException: com.emergent.doom.examples.FactorizationExperiment
------------------------------------------------------------
Testing target: 100000000200983 (Trials: 10, ArraySize: 1000, Threads: 4)
Error: Could not find or load main class com.emergent.doom.examples.FactorizationExperiment
Caused by: java.lang.ClassNotFoundException: com.emergent.doom.examples.FactorizationExperiment
------------------------------------------------------------
Testing target: 1000000002000983 (Trials: 10, ArraySize: 1000, Threads: 4)
Error: Could not find or load main class com.emergent.doom.examples.FactorizationExperiment
Caused by: java.lang.ClassNotFoundException: com.emergent.doom.examples.FactorizationExperiment
------------------------------------------------------------
Testing target: 10000000020000983 (Trials: 10, ArraySize: 1000, Threads: 4)
Error: Could not find or load main class com.emergent.doom.examples.FactorizationExperiment
Caused by: java.lang.ClassNotFoundException: com.emergent.doom.examples.FactorizationExperiment
------------------------------------------------------------
Testing target: 100000000200000983 (Trials: 10, ArraySize: 1000, Threads: 4)
Error: Could not find or load main class com.emergent.doom.examples.FactorizationExperiment
Caused by: java.lang.ClassNotFoundException: com.emergent.doom.examples.FactorizationExperiment
------------------------------------------------------------
Testing target: 1000000002000000983 (Trials: 10, ArraySize: 1000, Threads: 4)
Error: Could not find or load main class com.emergent.doom.examples.FactorizationExperiment
Caused by: java.lang.ClassNotFoundException: com.emergent.doom.examples.FactorizationExperiment
------------------------------------------------------------
